\BOOKMARK [0][-]{chapter.1}{\376\377\000C\000l\000a\000s\000s\000\040\000I\000n\000d\000e\000x}{}% 1
\BOOKMARK [1][-]{section.1.1}{\376\377\000C\000l\000a\000s\000s\000\040\000L\000i\000s\000t}{chapter.1}% 2
\BOOKMARK [0][-]{chapter.2}{\376\377\000F\000i\000l\000e\000\040\000I\000n\000d\000e\000x}{}% 3
\BOOKMARK [1][-]{section.2.1}{\376\377\000F\000i\000l\000e\000\040\000L\000i\000s\000t}{chapter.2}% 4
\BOOKMARK [0][-]{chapter.3}{\376\377\000C\000l\000a\000s\000s\000\040\000D\000o\000c\000u\000m\000e\000n\000t\000a\000t\000i\000o\000n}{}% 5
\BOOKMARK [1][-]{section.3.1}{\376\377\000I\000m\000a\000g\000e\000\040\000C\000l\000a\000s\000s\000\040\000R\000e\000f\000e\000r\000e\000n\000c\000e}{chapter.3}% 6
\BOOKMARK [2][-]{subsection.3.1.1}{\376\377\000D\000e\000t\000a\000i\000l\000e\000d\000\040\000D\000e\000s\000c\000r\000i\000p\000t\000i\000o\000n}{section.3.1}% 7
\BOOKMARK [2][-]{subsection.3.1.2}{\376\377\000C\000o\000n\000s\000t\000r\000u\000c\000t\000o\000r\000\040\000\046\000\040\000D\000e\000s\000t\000r\000u\000c\000t\000o\000r\000\040\000D\000o\000c\000u\000m\000e\000n\000t\000a\000t\000i\000o\000n}{section.3.1}% 8
\BOOKMARK [3][-]{subsubsection.3.1.2.1}{\376\377\000I\000m\000a\000g\000e}{subsection.3.1.2}% 9
\BOOKMARK [3][-]{subsubsection.3.1.2.2}{\376\377\000I\000m\000a\000g\000e}{subsection.3.1.2}% 10
\BOOKMARK [3][-]{subsubsection.3.1.2.3}{\376\377\000I\000m\000a\000g\000e}{subsection.3.1.2}% 11
\BOOKMARK [3][-]{subsubsection.3.1.2.4}{\376\377\000I\000m\000a\000g\000e}{subsection.3.1.2}% 12
\BOOKMARK [2][-]{subsection.3.1.3}{\376\377\000M\000e\000m\000b\000e\000r\000\040\000F\000u\000n\000c\000t\000i\000o\000n\000\040\000D\000o\000c\000u\000m\000e\000n\000t\000a\000t\000i\000o\000n}{section.3.1}% 13
\BOOKMARK [3][-]{subsubsection.3.1.3.1}{\376\377\000a\000u\000t\000o\000c\000o\000v\000a\000r\000i\000a\000n\000c\000e}{subsection.3.1.3}% 14
\BOOKMARK [3][-]{subsubsection.3.1.3.2}{\376\377\000a\000v\000e\000r\000a\000g\000e\000\137\000o\000m\000p}{subsection.3.1.3}% 15
\BOOKMARK [3][-]{subsubsection.3.1.3.3}{\376\377\000b\000i\000n\000a\000r\000i\000z\000e\000\137\000i\000m\000g}{subsection.3.1.3}% 16
\BOOKMARK [3][-]{subsubsection.3.1.3.4}{\376\377\000c\000o\000l\000o\000r\000\137\000s\000l\000i\000c\000i\000n\000g}{subsection.3.1.3}% 17
\BOOKMARK [3][-]{subsubsection.3.1.3.5}{\376\377\000c\000o\000o\000r\000r\000e\000l\000o\000g\000r\000a\000m}{subsection.3.1.3}% 18
\BOOKMARK [3][-]{subsubsection.3.1.3.6}{\376\377\000c\000o\000o\000r\000r\000e\000l\000o\000g\000r\000a\000m\000\137\000p\000a\000r}{subsection.3.1.3}% 19
\BOOKMARK [3][-]{subsubsection.3.1.3.7}{\376\377\000c\000o\000o\000r\000r\000e\000l\000o\000g\000r\000a\000m\000\137\000Z\000C}{subsection.3.1.3}% 20
\BOOKMARK [3][-]{subsubsection.3.1.3.8}{\376\377\000d\000i\000s\000p\000l\000a\000y}{subsection.3.1.3}% 21
\BOOKMARK [3][-]{subsubsection.3.1.3.9}{\376\377\000f\000i\000l\000t\000e\000r\000\137\000a\000v\000e\000r\000a\000g\000e}{subsection.3.1.3}% 22
\BOOKMARK [3][-]{subsubsection.3.1.3.10}{\376\377\000f\000i\000l\000t\000e\000r\000\137\000d\000y\000n\000a\000m\000i\000c\000\137\000r\000a\000n\000g\000e\000\137\000d\000i\000l\000a\000t\000a\000t\000i\000o\000n}{subsection.3.1.3}% 23
\BOOKMARK [3][-]{subsubsection.3.1.3.11}{\376\377\000f\000i\000l\000t\000e\000r\000\137\000e\000d\000g\000e\000\137\000e\000n\000h\000a\000c\000e\000m\000e\000n\000t\000\137\000d\000i\000s\000p\000l\000a\000c\000e\000m\000e\000n\000t}{subsection.3.1.3}% 24
\BOOKMARK [3][-]{subsubsection.3.1.3.12}{\376\377\000f\000i\000l\000t\000e\000r\000\137\000f\000r\000e\000e\000m\000a\000n\000\137\0000}{subsection.3.1.3}% 25
\BOOKMARK [3][-]{subsubsection.3.1.3.13}{\376\377\000f\000i\000l\000t\000e\000r\000\137\000f\000r\000e\000e\000m\000a\000n\000\137\0001}{subsection.3.1.3}% 26
\BOOKMARK [3][-]{subsubsection.3.1.3.14}{\376\377\000f\000i\000l\000t\000e\000r\000\137\000f\000r\000e\000e\000m\000a\000n\000\137\0002}{subsection.3.1.3}% 27
\BOOKMARK [3][-]{subsubsection.3.1.3.15}{\376\377\000f\000i\000l\000t\000e\000r\000\137\000f\000r\000e\000e\000m\000a\000n\000\137\0003}{subsection.3.1.3}% 28
\BOOKMARK [3][-]{subsubsection.3.1.3.16}{\376\377\000f\000i\000l\000t\000e\000r\000\137\000f\000r\000e\000e\000m\000a\000n\000\137\0004}{subsection.3.1.3}% 29
\BOOKMARK [3][-]{subsubsection.3.1.3.17}{\376\377\000f\000i\000l\000t\000e\000r\000\137\000f\000r\000e\000e\000m\000a\000n\000\137\0005}{subsection.3.1.3}% 30
\BOOKMARK [3][-]{subsubsection.3.1.3.18}{\376\377\000f\000i\000l\000t\000e\000r\000\137\000f\000r\000e\000e\000m\000a\000n\000\137\0006}{subsection.3.1.3}% 31
\BOOKMARK [3][-]{subsubsection.3.1.3.19}{\376\377\000f\000i\000l\000t\000e\000r\000\137\000f\000r\000e\000e\000m\000a\000n\000\137\0007}{subsection.3.1.3}% 32
\BOOKMARK [3][-]{subsubsection.3.1.3.20}{\376\377\000f\000i\000l\000t\000e\000r\000\137\000g\000a\000u\000s\000s\000i\000a\000n}{subsection.3.1.3}% 33
\BOOKMARK [3][-]{subsubsection.3.1.3.21}{\376\377\000f\000i\000l\000t\000e\000r\000\137\000G\000r\000a\000d\000i\000e\000n\000t\000\137\000h\000o\000r\000i\000z\000o\000n\000t\000a\000l}{subsection.3.1.3}% 34
\BOOKMARK [3][-]{subsubsection.3.1.3.22}{\376\377\000f\000i\000l\000t\000e\000r\000\137\000G\000r\000a\000d\000i\000e\000n\000t\000\137\000v\000e\000r\000t\000i\000c\000a\000l}{subsection.3.1.3}% 35
\BOOKMARK [3][-]{subsubsection.3.1.3.23}{\376\377\000f\000i\000l\000t\000e\000r\000\137\000h\000o\000r\000i\000z\000o\000n\000t\000a\000l\000\137\000b\000o\000r\000d\000e\000r\000s}{subsection.3.1.3}% 36
\BOOKMARK [3][-]{subsubsection.3.1.3.24}{\376\377\000f\000i\000l\000t\000e\000r\000\137\000k\000i\000r\000s\000c\000h\000\137\0000}{subsection.3.1.3}% 37
\BOOKMARK [3][-]{subsubsection.3.1.3.25}{\376\377\000f\000i\000l\000t\000e\000r\000\137\000k\000i\000r\000s\000c\000h\000\137\0001\0003\0005}{subsection.3.1.3}% 38
\BOOKMARK [3][-]{subsubsection.3.1.3.26}{\376\377\000f\000i\000l\000t\000e\000r\000\137\000k\000i\000r\000s\000c\000h\000\137\0001\0008\0000}{subsection.3.1.3}% 39
\BOOKMARK [3][-]{subsubsection.3.1.3.27}{\376\377\000f\000i\000l\000t\000e\000r\000\137\000k\000i\000r\000s\000c\000h\000\137\0002\0002\0005}{subsection.3.1.3}% 40
\BOOKMARK [3][-]{subsubsection.3.1.3.28}{\376\377\000f\000i\000l\000t\000e\000r\000\137\000k\000i\000r\000s\000c\000h\000\137\0002\0007\0000}{subsection.3.1.3}% 41
\BOOKMARK [3][-]{subsubsection.3.1.3.29}{\376\377\000f\000i\000l\000t\000e\000r\000\137\000k\000i\000r\000s\000c\000h\000\137\0003\0001\0005}{subsection.3.1.3}% 42
\BOOKMARK [3][-]{subsubsection.3.1.3.30}{\376\377\000f\000i\000l\000t\000e\000r\000\137\000k\000i\000r\000s\000c\000h\000\137\0004\0005}{subsection.3.1.3}% 43
\BOOKMARK [3][-]{subsubsection.3.1.3.31}{\376\377\000f\000i\000l\000t\000e\000r\000\137\000k\000i\000r\000s\000c\000h\000\137\0009\0000}{subsection.3.1.3}% 44
\BOOKMARK [3][-]{subsubsection.3.1.3.32}{\376\377\000f\000i\000l\000t\000e\000r\000\137\000L\000a\000p\000l\000a\000c\000i\000a\000n}{subsection.3.1.3}% 45
\BOOKMARK [3][-]{subsubsection.3.1.3.33}{\376\377\000f\000i\000l\000t\000e\000r\000\137\000L\000a\000p\000l\000a\000c\000i\000a\000n\000\137\000n\000o\000\137\000d\000i\000a\000g\000o\000n\000a\000l}{subsection.3.1.3}% 46
\BOOKMARK [3][-]{subsubsection.3.1.3.34}{\376\377\000f\000i\000l\000t\000e\000r\000\137\000m\000a\000x\000i\000m\000u\000m}{subsection.3.1.3}% 47
\BOOKMARK [3][-]{subsubsection.3.1.3.35}{\376\377\000f\000i\000l\000t\000e\000r\000\137\000m\000e\000d\000i\000a\000n}{subsection.3.1.3}% 48
\BOOKMARK [3][-]{subsubsection.3.1.3.36}{\376\377\000f\000i\000l\000t\000e\000r\000\137\000m\000i\000n\000i\000m\000u\000m}{subsection.3.1.3}% 49
\BOOKMARK [3][-]{subsubsection.3.1.3.37}{\376\377\000f\000i\000l\000t\000e\000r\000\137\000m\000o\000d\000a\000l}{subsection.3.1.3}% 50
\BOOKMARK [3][-]{subsubsection.3.1.3.38}{\376\377\000f\000i\000l\000t\000e\000r\000\137\000o\000r\000d\000e\000r\000\137\000s\000t\000a\000d\000i\000s\000t\000i\000c\000s}{subsection.3.1.3}% 51
\BOOKMARK [3][-]{subsubsection.3.1.3.39}{\376\377\000f\000i\000l\000t\000e\000r\000\137\000P\000r\000e\000w\000i\000t\000t\000\137\000E\000\137\000W}{subsection.3.1.3}% 52
\BOOKMARK [3][-]{subsubsection.3.1.3.40}{\376\377\000f\000i\000l\000t\000e\000r\000\137\000P\000r\000e\000w\000i\000t\000t\000\137\000N\000\137\000S}{subsection.3.1.3}% 53
\BOOKMARK [3][-]{subsubsection.3.1.3.41}{\376\377\000f\000i\000l\000t\000e\000r\000\137\000P\000r\000e\000w\000i\000t\000t\000\137\000N\000E\000\137\000S\000W}{subsection.3.1.3}% 54
\BOOKMARK [3][-]{subsubsection.3.1.3.42}{\376\377\000f\000i\000l\000t\000e\000r\000\137\000P\000r\000e\000w\000i\000t\000t\000\137\000N\000W\000\137\000S\000E}{subsection.3.1.3}% 55
\BOOKMARK [3][-]{subsubsection.3.1.3.43}{\376\377\000f\000i\000l\000t\000e\000r\000\137\000v\000e\000r\000t\000i\000c\000a\000l\000\137\000b\000o\000r\000d\000e\000r\000s}{subsection.3.1.3}% 56
\BOOKMARK [3][-]{subsubsection.3.1.3.44}{\376\377\000g\000a\000u\000s\000s\000i\000a\000n\000\137\000n\000o\000i\000s\000e}{subsection.3.1.3}% 57
\BOOKMARK [3][-]{subsubsection.3.1.3.45}{\376\377\000g\000e\000t\000\137\000h\000i\000s\000t\000o\000g\000r\000a\000m}{subsection.3.1.3}% 58
\BOOKMARK [3][-]{subsubsection.3.1.3.46}{\376\377\000g\000r\000a\000y\000\137\000s\000c\000a\000l\000e}{subsection.3.1.3}% 59
\BOOKMARK [3][-]{subsubsection.3.1.3.47}{\376\377\000h\000i\000s\000t\000o\000g\000r\000a\000m\000\137\000e\000q\000u\000a\000l\000i\000z\000a\000t\000i\000o\000n}{subsection.3.1.3}% 60
\BOOKMARK [3][-]{subsubsection.3.1.3.48}{\376\377\000i\000n\000t\000e\000r\000p\000o\000l\000a\000t\000i\000o\000n}{subsection.3.1.3}% 61
\BOOKMARK [3][-]{subsubsection.3.1.3.49}{\376\377\000i\000n\000v\000e\000r\000s\000e}{subsection.3.1.3}% 62
\BOOKMARK [3][-]{subsubsection.3.1.3.50}{\376\377\000l\000o\000g\000\137\000t\000r\000a\000n\000s\000f\000o\000r\000m\000a\000t\000i\000o\000n}{subsection.3.1.3}% 63
\BOOKMARK [3][-]{subsubsection.3.1.3.51}{\376\377\000m\000e\000d\000i\000a\000n\000\137\000o\000m\000p}{subsection.3.1.3}% 64
\BOOKMARK [3][-]{subsubsection.3.1.3.52}{\376\377\000m\000u\000l\000t\000i\000p\000l\000y\000\137\000i\000m\000g}{subsection.3.1.3}% 65
\BOOKMARK [3][-]{subsubsection.3.1.3.53}{\376\377\000p\000l\000o\000t\000\137\000h\000i\000s\000t\000o\000g\000r\000a\000m}{subsection.3.1.3}% 66
\BOOKMARK [3][-]{subsubsection.3.1.3.54}{\376\377\000p\000l\000o\000t\000\137\000h\000i\000s\000t\000o\000g\000r\000a\000m\000\137\000e\000q\000u\000a\000l\000i\000z\000a\000t\000i\000o\000n}{subsection.3.1.3}% 67
\BOOKMARK [3][-]{subsubsection.3.1.3.55}{\376\377\000p\000o\000w\000e\000r\000\137\000l\000a\000w\000\137\000t\000r\000a\000n\000s\000f\000o\000r\000m\000a\000t\000i\000o\000m}{subsection.3.1.3}% 68
\BOOKMARK [3][-]{subsubsection.3.1.3.56}{\376\377\000r\000g\000b\000\137\000h\000s\000v}{subsection.3.1.3}% 69
\BOOKMARK [3][-]{subsubsection.3.1.3.57}{\376\377\000s\000a\000l\000t\000\137\000p\000e\000p\000p\000e\000r}{subsection.3.1.3}% 70
\BOOKMARK [3][-]{subsubsection.3.1.3.58}{\376\377\000s\000e\000t\000\137\000p\000i\000x\000e\000l\000\137\000v\000a\000l\000u\000e}{subsection.3.1.3}% 71
\BOOKMARK [3][-]{subsubsection.3.1.3.59}{\376\377\000s\000u\000b\000s\000t\000r\000a\000c\000t\000\137\000i\000m\000g}{subsection.3.1.3}% 72
\BOOKMARK [3][-]{subsubsection.3.1.3.60}{\376\377\000s\000u\000m\000\137\000i\000m\000g}{subsection.3.1.3}% 73
\BOOKMARK [3][-]{subsubsection.3.1.3.61}{\376\377\000v\000a\000r\000i\000a\000n\000c\000e}{subsection.3.1.3}% 74
\BOOKMARK [0][-]{chapter.4}{\376\377\000F\000i\000l\000e\000\040\000D\000o\000c\000u\000m\000e\000n\000t\000a\000t\000i\000o\000n}{}% 75
\BOOKMARK [1][-]{section.4.1}{\376\377\000/\000h\000o\000m\000e\000/\000f\000i\000s\000h\000/\000D\000o\000c\000u\000m\000e\000n\000t\000s\000/\000P\000a\000r\000a\000l\000l\000e\000l\000P\000i\000c\000/\000P\000r\000o\000y\000e\000c\000t\000o\000/\000i\000n\000c\000l\000u\000d\000e\000/\000P\000a\000r\000a\000l\000l\000e\000l\000P\000i\000c\000.\000h\000h\000\040\000F\000i\000l\000e\000\040\000R\000e\000f\000e\000r\000e\000n\000c\000e}{chapter.4}% 76
\BOOKMARK [1][-]{section.4.2}{\376\377\000P\000a\000r\000a\000l\000l\000e\000l\000P\000i\000c\000.\000h\000h}{chapter.4}% 77
\BOOKMARK [1][-]{section.4.3}{\376\377\000/\000h\000o\000m\000e\000/\000f\000i\000s\000h\000/\000D\000o\000c\000u\000m\000e\000n\000t\000s\000/\000P\000a\000r\000a\000l\000l\000e\000l\000P\000i\000c\000/\000P\000r\000o\000y\000e\000c\000t\000o\000/\000s\000r\000c\000/\000i\000m\000a\000g\000e\000.\000c\000p\000p\000\040\000F\000i\000l\000e\000\040\000R\000e\000f\000e\000r\000e\000n\000c\000e}{chapter.4}% 78
\BOOKMARK [1][-]{section.4.4}{\376\377\000i\000m\000a\000g\000e\000.\000c\000p\000p}{chapter.4}% 79
\BOOKMARK [1][-]{section.4.5}{\376\377\000/\000h\000o\000m\000e\000/\000f\000i\000s\000h\000/\000D\000o\000c\000u\000m\000e\000n\000t\000s\000/\000P\000a\000r\000a\000l\000l\000e\000l\000P\000i\000c\000/\000P\000r\000o\000y\000e\000c\000t\000o\000/\000s\000r\000c\000/\000P\000a\000r\000a\000l\000l\000e\000l\000P\000i\000c\000.\000c\000p\000p\000\040\000F\000i\000l\000e\000\040\000R\000e\000f\000e\000r\000e\000n\000c\000e}{chapter.4}% 80
\BOOKMARK [1][-]{section.4.6}{\376\377\000P\000a\000r\000a\000l\000l\000e\000l\000P\000i\000c\000.\000c\000p\000p}{chapter.4}% 81
\BOOKMARK [-1][-]{section*.4}{\376\377\000I\000n\000d\000e\000x}{}% 82
